[0.086s] DEBUG:colcon:Command line arguments: ['/usr/bin/colcon', 'list', '-p', '--base-paths', '/mnt/0D82115A0D82115A/Seatech/3A/SwarmZ/simulatorSwarmZ/SimulatorV2/java']
[0.086s] DEBUG:colcon:Parsed command line arguments: Namespace(base_paths=['/mnt/0D82115A0D82115A/Seatech/3A/SwarmZ/simulatorSwarmZ/SimulatorV2/java'], build_base='build', ignore_user_meta=False, log_base=None, log_level=None, main=<bound method ListVerb.main of <colcon_package_information.verb.list.ListVerb object at 0x7f785937c610>>, metas=['./colcon.meta'], names_only=False, packages_above=None, packages_above_and_dependencies=None, packages_above_depth=None, packages_end=None, packages_ignore=None, packages_ignore_regex=None, packages_select=None, packages_select_build_failed=False, packages_select_by_dep=None, packages_select_regex=None, packages_select_test_failures=False, packages_skip=None, packages_skip_build_finished=False, packages_skip_by_dep=None, packages_skip_regex=None, packages_skip_test_passed=False, packages_skip_up_to=None, packages_start=None, packages_up_to=None, packages_up_to_regex=None, paths=None, paths_only=True, topological_graph=False, topological_graph_density=False, topological_graph_dot=False, topological_graph_dot_cluster=False, topological_graph_dot_include_skipped=False, topological_graph_legend=False, topological_order=False, verb_extension=<colcon_package_information.verb.list.ListVerb object at 0x7f785937c610>, verb_name='list', verb_parser=<colcon_defaults.argument_parser.defaults.DefaultArgumentsDecorator object at 0x7f785920e700>)
[0.111s] Level 1:colcon.colcon_core.package_discovery:discover_packages(colcon_meta) check parameters
[0.111s] Level 1:colcon.colcon_core.package_discovery:discover_packages(recursive) check parameters
[0.111s] Level 1:colcon.colcon_core.package_discovery:discover_packages(ignore) check parameters
[0.111s] Level 1:colcon.colcon_core.package_discovery:discover_packages(path) check parameters
[0.111s] Level 1:colcon.colcon_core.package_discovery:discover_packages(recursive) discover
[0.111s] INFO:colcon.colcon_core.package_discovery:Crawling recursively for packages in '/mnt/0D82115A0D82115A/Seatech/3A/SwarmZ/simulatorSwarmZ/SimulatorV2/java'
[0.112s] Level 1:colcon.colcon_core.package_identification:_identify(/mnt/0D82115A0D82115A/Seatech/3A/SwarmZ/simulatorSwarmZ/SimulatorV2/java) by extensions ['ignore', 'ignore_ament_install']
[0.112s] Level 1:colcon.colcon_core.package_identification:_identify(/mnt/0D82115A0D82115A/Seatech/3A/SwarmZ/simulatorSwarmZ/SimulatorV2/java) by extension 'ignore'
[0.112s] Level 1:colcon.colcon_core.package_identification:_identify(/mnt/0D82115A0D82115A/Seatech/3A/SwarmZ/simulatorSwarmZ/SimulatorV2/java) by extension 'ignore_ament_install'
[0.112s] Level 1:colcon.colcon_core.package_identification:_identify(/mnt/0D82115A0D82115A/Seatech/3A/SwarmZ/simulatorSwarmZ/SimulatorV2/java) by extensions ['colcon_pkg']
[0.112s] Level 1:colcon.colcon_core.package_identification:_identify(/mnt/0D82115A0D82115A/Seatech/3A/SwarmZ/simulatorSwarmZ/SimulatorV2/java) by extension 'colcon_pkg'
[0.112s] Level 1:colcon.colcon_core.package_identification:_identify(/mnt/0D82115A0D82115A/Seatech/3A/SwarmZ/simulatorSwarmZ/SimulatorV2/java) by extensions ['colcon_meta']
[0.112s] Level 1:colcon.colcon_core.package_identification:_identify(/mnt/0D82115A0D82115A/Seatech/3A/SwarmZ/simulatorSwarmZ/SimulatorV2/java) by extension 'colcon_meta'
[0.113s] Level 1:colcon.colcon_core.package_identification:_identify(/mnt/0D82115A0D82115A/Seatech/3A/SwarmZ/simulatorSwarmZ/SimulatorV2/java) by extensions ['ros']
[0.113s] Level 1:colcon.colcon_core.package_identification:_identify(/mnt/0D82115A0D82115A/Seatech/3A/SwarmZ/simulatorSwarmZ/SimulatorV2/java) by extension 'ros'
[0.124s] Level 1:colcon.colcon_core.package_identification:_identify(/mnt/0D82115A0D82115A/Seatech/3A/SwarmZ/simulatorSwarmZ/SimulatorV2/java) by extensions ['cmake', 'python']
[0.124s] Level 1:colcon.colcon_core.package_identification:_identify(/mnt/0D82115A0D82115A/Seatech/3A/SwarmZ/simulatorSwarmZ/SimulatorV2/java) by extension 'cmake'
[0.125s] Level 1:colcon.colcon_core.package_identification:_identify(/mnt/0D82115A0D82115A/Seatech/3A/SwarmZ/simulatorSwarmZ/SimulatorV2/java) by extension 'python'
[0.125s] Level 1:colcon.colcon_core.package_identification:_identify(/mnt/0D82115A0D82115A/Seatech/3A/SwarmZ/simulatorSwarmZ/SimulatorV2/java) by extensions ['python_setup_py']
[0.125s] Level 1:colcon.colcon_core.package_identification:_identify(/mnt/0D82115A0D82115A/Seatech/3A/SwarmZ/simulatorSwarmZ/SimulatorV2/java) by extension 'python_setup_py'
[0.125s] Level 1:colcon.colcon_core.package_identification:_identify(/mnt/0D82115A0D82115A/Seatech/3A/SwarmZ/simulatorSwarmZ/SimulatorV2/java/log) by extensions ['ignore', 'ignore_ament_install']
[0.125s] Level 1:colcon.colcon_core.package_identification:_identify(/mnt/0D82115A0D82115A/Seatech/3A/SwarmZ/simulatorSwarmZ/SimulatorV2/java/log) by extension 'ignore'
[0.125s] Level 1:colcon.colcon_core.package_identification:_identify(/mnt/0D82115A0D82115A/Seatech/3A/SwarmZ/simulatorSwarmZ/SimulatorV2/java/log) ignored
[0.125s] Level 1:colcon.colcon_core.package_discovery:discover_packages(recursive) using defaults
